Arguments: 
  /usr/bin/node /mnt/c/programming/jakecooper.github.io/src/node_modules/.bin/yarn add styles.mod.scss

PATH: 
  /usr/lib/node_modules/npm/node_modules/npm-lifecycle/node-gyp-bin:/mnt/c/programming/jakecooper.github.io/src/node_modules/.bin:/usr/local/sbin:/usr/local/bin:/usr/sbin:/usr/bin:/sbin:/bin:/usr/games:/usr/local/games:/mnt/c/Program Files (x86)/Intel/iCLS Client:/mnt/c/ProgramData/Oracle/Java/javapath:/mnt/c/Program Files/Intel/iCLS Client:/mnt/c/Windows/System32:/mnt/c/Windows:/mnt/c/Windows/System32/wbem:/mnt/c/Windows/System32/WindowsPowerShell/v1.0:/mnt/c/Program Files (x86)/NVIDIA Corporation/PhysX/Common:/mnt/c/Windows/System32:/mnt/c/Windows:/mnt/c/Windows/System32/wbem:/mnt/c/Windows/System32/WindowsPowerShell/v1.0:/mnt/c/Program Files/Git/cmd:/mnt/c/Program Files/OpenVPN/bin:/mnt/c/Python27:/mnt/c/Program Files/Microsoft SQL Server/130/Tools/Binn:/mnt/c/Program Files/Microsoft SQL Server/120/Tools/Binn:/mnt/c/Program Files (x86)/SMLNJ/bin:/mnt/c/Python27/Scripts:/mnt/c/Program Files/Calibre2:/mnt/c/Windows/System32/OpenSSH:/mnt/c/Program Files (x86)/Intel/Intel(R) Management Engine Components/DAL:/mnt/c/Program Files/Intel/Intel(R) Management Engine Components/DAL:/mnt/c/Program Files (x86)/Intel/Intel(R) Management Engine Components/IPT:/mnt/c/Program Files/Intel/Intel(R) Management Engine Components/IPT:/mnt/c/Program Files (x86)/QuickTime/QTSystem:/mnt/c/Program Files/Microsoft VS Code Insiders/bin:/mnt/c/Users/jakee/AppData/Local/Microsoft/WindowsApps:/mnt/c/Users/jakee/AppData/Local/Pandoc:/mnt/c/Program Files/Microsoft VS Code Insiders/bin

Yarn version: 
  1.9.4

Node version: 
  10.1.0

Platform: 
  linux x64

Trace: 
  Error: https://registry.npmjs.org/styles.mod.scss: Not found
      at Request.params.callback [as _callback] (/mnt/c/programming/jakecooper.github.io/src/node_modules/yarn/lib/cli.js:64202:18)
      at Request.self.callback (/mnt/c/programming/jakecooper.github.io/src/node_modules/yarn/lib/cli.js:137468:22)
      at Request.emit (events.js:182:13)
      at Request.<anonymous> (/mnt/c/programming/jakecooper.github.io/src/node_modules/yarn/lib/cli.js:138440:10)
      at Request.emit (events.js:182:13)
      at IncomingMessage.<anonymous> (/mnt/c/programming/jakecooper.github.io/src/node_modules/yarn/lib/cli.js:138362:12)
      at Object.onceWrapper (events.js:273:13)
      at IncomingMessage.emit (events.js:187:15)
      at endReadableNT (_stream_readable.js:1086:12)
      at process._tickCallback (internal/process/next_tick.js:63:19)

npm manifest: 
  {
      "name": "parcel",
      "version": "1.0.0",
      "description": "",
      "main": "index.js",
      "scripts": {
          "start": "parcel index.html",
          "build": "parcel build index.html --public-url ./ -d ../"
      },
      "keywoards": [],
      "author": "",
      "liscense": "ISC",
      "dependencies": {
          "autoprefixer": "^9.1.3",
          "babel-preset-env": "^1.7.0",
          "babel-preset-react": "^6.24.1",
          "classnames": "^2.2.6",
          "node-sass": "^4.9.3",
          "postcss-modules": "^1.3.2",
          "react": ">=15",
          "react-dom": "^16.5.1",
          "react-router-dom": "^4.3.1",
          "typed.js": "^2.0.9",
          "yarn": "^1.9.4"
      },
      "devDependencies": {
          "babel-core": "^6.26.3",
          "cssnano": "^4.1.0"
      }
  }

yarn manifest: 
  No manifest

Lockfile: 
  No lockfile
